2020-08-24 10:14:48.482 febs [main] INFO  com.cx.AppApplication - Starting AppApplication on LAPTOP-R0RM3FEG with PID 10020 (F:\ideaWorkSpace\my-private\target\classes started by zyh in F:\ideaWorkSpace\my-private)
2020-08-24 10:14:48.485 febs [main] INFO  com.cx.AppApplication - The following profiles are active: pro
2020-08-24 10:14:50.327 febs [main] INFO  o.s.d.r.c.RepositoryConfigurationDelegate - Multiple Spring Data modules found, entering strict repository configuration mode!
2020-08-24 10:14:50.330 febs [main] INFO  o.s.d.r.c.RepositoryConfigurationDelegate - Bootstrapping Spring Data repositories in DEFAULT mode.
2020-08-24 10:14:50.417 febs [main] INFO  o.s.d.r.c.RepositoryConfigurationDelegate - Finished Spring Data repository scanning in 66ms. Found 0 repository interfaces.
2020-08-24 10:14:51.053 febs [main] INFO  o.s.c.s.PostProcessorRegistrationDelegate$BeanPostProcessorChecker - Bean 'spring.datasource.dynamic-com.baomidou.dynamic.datasource.spring.boot.autoconfigure.DynamicDataSourceProperties' of type [com.baomidou.dynamic.datasource.spring.boot.autoconfigure.DynamicDataSourceProperties] is not eligible for getting processed by all BeanPostProcessors (for example: not eligible for auto-proxying)
2020-08-24 10:14:51.241 febs [main] INFO  o.s.c.s.PostProcessorRegistrationDelegate$BeanPostProcessorChecker - Bean 'com.baomidou.dynamic.datasource.spring.boot.autoconfigure.DynamicDataSourceAutoConfiguration' of type [com.baomidou.dynamic.datasource.spring.boot.autoconfigure.DynamicDataSourceAutoConfiguration$$EnhancerBySpringCGLIB$$6c773be3] is not eligible for getting processed by all BeanPostProcessors (for example: not eligible for auto-proxying)
2020-08-24 10:14:51.251 febs [main] INFO  o.s.c.s.PostProcessorRegistrationDelegate$BeanPostProcessorChecker - Bean 'dsProcessor' of type [com.baomidou.dynamic.datasource.processor.DsHeaderProcessor] is not eligible for getting processed by all BeanPostProcessors (for example: not eligible for auto-proxying)
2020-08-24 10:14:51.255 febs [main] INFO  o.s.c.s.PostProcessorRegistrationDelegate$BeanPostProcessorChecker - Bean 'dynamicDatasourceAnnotationAdvisor' of type [com.baomidou.dynamic.datasource.aop.DynamicDataSourceAnnotationAdvisor] is not eligible for getting processed by all BeanPostProcessors (for example: not eligible for auto-proxying)
2020-08-24 10:14:51.269 febs [main] INFO  o.s.c.s.PostProcessorRegistrationDelegate$BeanPostProcessorChecker - Bean 'org.springframework.transaction.annotation.ProxyTransactionManagementConfiguration' of type [org.springframework.transaction.annotation.ProxyTransactionManagementConfiguration$$EnhancerBySpringCGLIB$$2e8cb12] is not eligible for getting processed by all BeanPostProcessors (for example: not eligible for auto-proxying)
2020-08-24 10:14:51.305 febs [main] INFO  o.s.c.s.PostProcessorRegistrationDelegate$BeanPostProcessorChecker - Bean 'redisConfigure' of type [com.cx.common.configure.RedisConfigure$$EnhancerBySpringCGLIB$$e6e14241] is not eligible for getting processed by all BeanPostProcessors (for example: not eligible for auto-proxying)
2020-08-24 10:14:51.354 febs [main] INFO  o.s.c.s.PostProcessorRegistrationDelegate$BeanPostProcessorChecker - Bean 'org.springframework.security.config.annotation.configuration.ObjectPostProcessorConfiguration' of type [org.springframework.security.config.annotation.configuration.ObjectPostProcessorConfiguration$$EnhancerBySpringCGLIB$$9b96934c] is not eligible for getting processed by all BeanPostProcessors (for example: not eligible for auto-proxying)
2020-08-24 10:14:51.361 febs [main] INFO  o.s.c.s.PostProcessorRegistrationDelegate$BeanPostProcessorChecker - Bean 'objectPostProcessor' of type [org.springframework.security.config.annotation.configuration.AutowireBeanFactoryObjectPostProcessor] is not eligible for getting processed by all BeanPostProcessors (for example: not eligible for auto-proxying)
2020-08-24 10:14:51.364 febs [main] INFO  o.s.c.s.PostProcessorRegistrationDelegate$BeanPostProcessorChecker - Bean 'org.springframework.security.access.expression.method.DefaultMethodSecurityExpressionHandler@1da745a2' of type [org.springframework.security.access.expression.method.DefaultMethodSecurityExpressionHandler] is not eligible for getting processed by all BeanPostProcessors (for example: not eligible for auto-proxying)
2020-08-24 10:14:51.368 febs [main] INFO  o.s.c.s.PostProcessorRegistrationDelegate$BeanPostProcessorChecker - Bean 'org.springframework.security.config.annotation.method.configuration.GlobalMethodSecurityConfiguration' of type [org.springframework.security.config.annotation.method.configuration.GlobalMethodSecurityConfiguration$$EnhancerBySpringCGLIB$$c06b35fe] is not eligible for getting processed by all BeanPostProcessors (for example: not eligible for auto-proxying)
2020-08-24 10:14:51.375 febs [main] INFO  o.s.c.s.PostProcessorRegistrationDelegate$BeanPostProcessorChecker - Bean 'methodSecurityMetadataSource' of type [org.springframework.security.access.method.DelegatingMethodSecurityMetadataSource] is not eligible for getting processed by all BeanPostProcessors (for example: not eligible for auto-proxying)
2020-08-24 10:14:51.857 febs [main] INFO  o.s.b.w.e.tomcat.TomcatWebServer - Tomcat initialized with port(s): 8099 (http)
2020-08-24 10:14:51.875 febs [main] INFO  o.a.coyote.http11.Http11NioProtocol - Initializing ProtocolHandler ["http-nio-8099"]
2020-08-24 10:14:51.886 febs [main] INFO  o.a.catalina.core.StandardService - Starting service [Tomcat]
2020-08-24 10:14:51.886 febs [main] INFO  o.a.catalina.core.StandardEngine - Starting Servlet engine: [Apache Tomcat/9.0.16]
2020-08-24 10:14:51.894 febs [main] INFO  o.a.c.core.AprLifecycleListener - The APR based Apache Tomcat Native library which allows optimal performance in production environments was not found on the java.library.path: [D:\JDK\bin;C:\Windows\Sun\Java\bin;C:\Windows\system32;C:\Windows;C:\Windows\system32;C:\Windows;C:\Windows\System32\Wbem;C:\Windows\System32\WindowsPowerShell\v1.0\;C:\Windows\System32\OpenSSH\;D:\JDK\bin;D:\Program Files\Git\cmd;D:\mysql-8.0.20-winx64\bin;D:\Program Files\nodejs\;D:\mysql-8.0.20-winx64\bin;D:\apache-maven-3.6.3-bin\apache-maven-3.6.3\bin;D:\Readis\Redis-x64-3.2.100;D:\Program Files\nodejs\node_global;D:\Go\bin;D:\python-3.8.5;F:\GoWorkSpace;F:\GoWorkSpace\bin;C:\Users\zyh\AppData\Local\Microsoft\WindowsApps;;D:\Program Files\JetBrains\IntelliJ IDEA 2019.3\bin;;C:\Users\zyh\AppData\Roaming\npm;D:\Program Files\JetBrains\GoLand 2020.2.2\bin;;D:\Program Files\JetBrains\PyCharm 2020.2\bin;;C:\Users\zyh\go\bin;.]
2020-08-24 10:14:52.019 febs [main] INFO  o.a.c.c.C.[Tomcat].[localhost].[/] - Initializing Spring embedded WebApplicationContext
2020-08-24 10:14:52.019 febs [main] INFO  o.s.web.context.ContextLoader - Root WebApplicationContext: initialization completed in 3462 ms
2020-08-24 10:14:52.431 febs [main] INFO  c.b.d.d.DynamicRoutingDataSource - 动态数据源-检测到并开启了p6spy
2020-08-24 10:14:52.442 febs [main] INFO  com.zaxxer.hikari.HikariDataSource - base - Starting...
2020-08-24 10:14:53.071 febs [main] INFO  com.zaxxer.hikari.HikariDataSource - base - Start completed.
2020-08-24 10:14:53.071 febs [main] INFO  c.b.d.d.DynamicRoutingDataSource - 初始共加载 1 个数据源
2020-08-24 10:14:53.071 febs [main] INFO  c.b.d.d.DynamicRoutingDataSource - 动态数据源-加载 base 成功
2020-08-24 10:14:53.071 febs [main] INFO  c.b.d.d.DynamicRoutingDataSource - 当前的默认数据源是单数据源，数据源名为 base
2020-08-24 10:14:53.640 febs [main] INFO  com.cx.common.xss.XssFilter - ------------ xss filter init ------------
2020-08-24 10:14:55.339 febs [main] INFO  org.quartz.impl.StdSchedulerFactory - Using default implementation for ThreadExecutor
2020-08-24 10:14:55.353 febs [main] INFO  o.quartz.core.SchedulerSignalerImpl - Initialized Scheduler Signaller of type: class org.quartz.core.SchedulerSignalerImpl
2020-08-24 10:14:55.354 febs [main] INFO  org.quartz.core.QuartzScheduler - Quartz Scheduler v.2.3.0 created.
2020-08-24 10:14:55.355 febs [main] INFO  org.quartz.simpl.RAMJobStore - RAMJobStore initialized.
2020-08-24 10:14:55.356 febs [main] INFO  org.quartz.core.QuartzScheduler - Scheduler meta-data: Quartz Scheduler (v2.3.0) 'quartzScheduler' with instanceId 'NON_CLUSTERED'
  Scheduler class: 'org.quartz.core.QuartzScheduler' - running locally.
  NOT STARTED.
  Currently in standby mode.
  Number of jobs executed: 0
  Using thread pool 'org.quartz.simpl.SimpleThreadPool' - with 10 threads.
  Using job-store 'org.quartz.simpl.RAMJobStore' - which does not support persistence. and is not clustered.

2020-08-24 10:14:55.356 febs [main] INFO  org.quartz.impl.StdSchedulerFactory - Quartz scheduler 'quartzScheduler' initialized from an externally provided properties instance.
2020-08-24 10:14:55.356 febs [main] INFO  org.quartz.impl.StdSchedulerFactory - Quartz scheduler version: 2.3.0
2020-08-24 10:14:55.356 febs [main] INFO  org.quartz.core.QuartzScheduler - JobFactory set to: org.springframework.scheduling.quartz.SpringBeanJobFactory@6f8fb906
2020-08-24 10:14:56.533 febs [main] INFO  o.s.b.a.e.web.EndpointLinksResolver - Exposing 2 endpoint(s) beneath base path '/actuator'
2020-08-24 10:14:57.024 febs [main] INFO  o.s.s.web.DefaultSecurityFilterChain - Creating filter chain: Ant [pattern='/test/**'], []
2020-08-24 10:14:57.024 febs [main] INFO  o.s.s.web.DefaultSecurityFilterChain - Creating filter chain: Ant [pattern='/common/**'], []
2020-08-24 10:14:57.024 febs [main] INFO  o.s.s.web.DefaultSecurityFilterChain - Creating filter chain: Ant [pattern='/app/**'], []
2020-08-24 10:14:57.024 febs [main] INFO  o.s.s.web.DefaultSecurityFilterChain - Creating filter chain: Ant [pattern='/**/*.js'], []
2020-08-24 10:14:57.024 febs [main] INFO  o.s.s.web.DefaultSecurityFilterChain - Creating filter chain: Ant [pattern='/**/*.css'], []
2020-08-24 10:14:57.024 febs [main] INFO  o.s.s.web.DefaultSecurityFilterChain - Creating filter chain: Ant [pattern='/**/font/**'], []
2020-08-24 10:14:57.025 febs [main] INFO  o.s.s.web.DefaultSecurityFilterChain - Creating filter chain: Ant [pattern='/**/images/**'], []
2020-08-24 10:14:57.025 febs [main] INFO  o.s.s.web.DefaultSecurityFilterChain - Creating filter chain: Ant [pattern='/**/img/**'], []
2020-08-24 10:14:57.025 febs [main] INFO  o.s.s.web.DefaultSecurityFilterChain - Creating filter chain: Ant [pattern='/**/lay/**'], []
2020-08-24 10:14:57.025 febs [main] INFO  o.s.s.web.DefaultSecurityFilterChain - Creating filter chain: Ant [pattern='/layui/**'], []
2020-08-24 10:14:57.025 febs [main] INFO  o.s.s.web.DefaultSecurityFilterChain - Creating filter chain: Ant [pattern='/json/**'], []
2020-08-24 10:14:57.025 febs [main] INFO  o.s.s.web.DefaultSecurityFilterChain - Creating filter chain: Ant [pattern='/api/**'], []
2020-08-24 10:14:57.025 febs [main] INFO  o.s.s.web.DefaultSecurityFilterChain - Creating filter chain: Ant [pattern='/app/**'], []
2020-08-24 10:14:57.025 febs [main] INFO  o.s.s.web.DefaultSecurityFilterChain - Creating filter chain: Ant [pattern='/swagger-ui.html'], []
2020-08-24 10:14:57.025 febs [main] INFO  o.s.s.web.DefaultSecurityFilterChain - Creating filter chain: Ant [pattern='/swagger/**'], []
2020-08-24 10:14:57.025 febs [main] INFO  o.s.s.web.DefaultSecurityFilterChain - Creating filter chain: Ant [pattern='/swagger-resources/**'], []
2020-08-24 10:14:57.025 febs [main] INFO  o.s.s.web.DefaultSecurityFilterChain - Creating filter chain: Ant [pattern='/webjars/**'], []
2020-08-24 10:14:57.025 febs [main] INFO  o.s.s.web.DefaultSecurityFilterChain - Creating filter chain: Ant [pattern='/v2/api-docs'], []
2020-08-24 10:14:57.025 febs [main] INFO  o.s.s.web.DefaultSecurityFilterChain - Creating filter chain: Ant [pattern='/views/403'], []
2020-08-24 10:14:57.025 febs [main] INFO  o.s.s.web.DefaultSecurityFilterChain - Creating filter chain: Ant [pattern='/views/401'], []
2020-08-24 10:14:57.025 febs [main] INFO  o.s.s.web.DefaultSecurityFilterChain - Creating filter chain: Ant [pattern='/views/404'], []
2020-08-24 10:14:57.109 febs [main] INFO  o.s.s.web.DefaultSecurityFilterChain - Creating filter chain: any request, [org.springframework.security.web.context.request.async.WebAsyncManagerIntegrationFilter@229c4d34, org.springframework.security.web.context.SecurityContextPersistenceFilter@643a73fa, org.springframework.security.web.header.HeaderWriterFilter@736a8aea, org.springframework.security.web.authentication.logout.LogoutFilter@33502cfe, org.springframework.security.web.authentication.UsernamePasswordAuthenticationFilter@54cce500, org.springframework.security.web.session.ConcurrentSessionFilter@263f6e96, org.springframework.security.web.savedrequest.RequestCacheAwareFilter@dd3e1e3, org.springframework.security.web.servletapi.SecurityContextHolderAwareRequestFilter@5af1b221, org.springframework.security.web.authentication.rememberme.RememberMeAuthenticationFilter@755033c5, org.springframework.security.web.authentication.AnonymousAuthenticationFilter@5b49b1df, org.springframework.security.web.session.SessionManagementFilter@504b4a97, org.springframework.security.web.access.ExceptionTranslationFilter@3d2ff73a, org.springframework.security.web.access.intercept.FilterSecurityInterceptor@248ba4fc]
2020-08-24 10:14:57.165 febs [main] INFO  s.d.s.w.PropertySourcedRequestMappingHandlerMapping - Mapped URL path [/v2/api-docs] onto method [public org.springframework.http.ResponseEntity<springfox.documentation.spring.web.json.Json> springfox.documentation.swagger2.web.Swagger2Controller.getDocumentation(java.lang.String,javax.servlet.http.HttpServletRequest)]
2020-08-24 10:14:57.184 febs [main] INFO  o.s.s.c.ThreadPoolTaskExecutor - Initializing ExecutorService
2020-08-24 10:14:57.185 febs [main] INFO  o.s.s.c.ThreadPoolTaskExecutor - Initializing ExecutorService 'apsAsyncThreadPool'
2020-08-24 10:14:57.640 febs [main] INFO  o.s.b.a.w.s.WelcomePageHandlerMapping - Adding welcome page template: index
2020-08-24 10:14:58.242 febs [main] INFO  o.s.s.c.ThreadPoolTaskScheduler - Initializing ExecutorService 'taskScheduler'
2020-08-24 10:14:58.398 febs [main] INFO  s.d.s.w.p.DocumentationPluginsBootstrapper - Context refreshed
2020-08-24 10:14:58.416 febs [main] INFO  s.d.s.w.p.DocumentationPluginsBootstrapper - Found 1 custom documentation plugin(s)
2020-08-24 10:14:58.483 febs [main] INFO  s.d.s.w.s.ApiListingReferenceScanner - Scanning for api listing references
2020-08-24 10:14:58.508 febs [main] INFO  o.s.s.quartz.SchedulerFactoryBean - Starting Quartz Scheduler now
2020-08-24 10:14:58.508 febs [main] INFO  org.quartz.core.QuartzScheduler - Scheduler quartzScheduler_$_NON_CLUSTERED started.
2020-08-24 10:14:58.526 febs [main] INFO  o.a.coyote.http11.Http11NioProtocol - Starting ProtocolHandler ["http-nio-8099"]
2020-08-24 10:14:58.559 febs [main] INFO  o.s.b.w.e.tomcat.TomcatWebServer - Tomcat started on port(s): 8099 (http) with context path ''
2020-08-24 10:14:58.563 febs [main] INFO  com.cx.AppApplication - Started AppApplication in 10.815 seconds (JVM running for 13.279)
2020-08-24 10:15:00.604 febs [main] INFO  com.cx.common.runner.StartedUpRunner -  __    ___   _      ___   _     ____ _____  ____ 
2020-08-24 10:15:00.605 febs [main] INFO  com.cx.common.runner.StartedUpRunner - / /`  / / \ | |\/| | |_) | |   | |_   | |  | |_  
2020-08-24 10:15:00.605 febs [main] INFO  com.cx.common.runner.StartedUpRunner - \_\_, \_\_/ |_|  | |_|   |_|__ |_|__  |_|  |_|__ 
2020-08-24 10:15:00.605 febs [main] INFO  com.cx.common.runner.StartedUpRunner -                                                       
2020-08-24 10:15:00.605 febs [main] INFO  com.cx.common.runner.StartedUpRunner - 环境监测平台启动完毕，地址：http://127.0.0.1:8099/login
2020-08-24 10:15:00.963 febs [RMI TCP Connection(5)-127.0.0.1] INFO  o.a.c.c.C.[Tomcat].[localhost].[/] - Initializing Spring DispatcherServlet 'dispatcherServlet'
2020-08-24 10:15:00.964 febs [RMI TCP Connection(5)-127.0.0.1] INFO  o.s.web.servlet.DispatcherServlet - Initializing Servlet 'dispatcherServlet'
2020-08-24 10:15:00.978 febs [RMI TCP Connection(5)-127.0.0.1] INFO  o.s.web.servlet.DispatcherServlet - Completed initialization in 14 ms
2020-08-24 10:15:02.997 febs [RMI TCP Connection(3)-127.0.0.1] INFO  p6spy - 2020-08-24 10:15:02 | 耗时 5 ms | SQL 语句：
select 1;
2020-08-24 10:15:57.870 febs [http-nio-8099-exec-3] INFO  p6spy - 2020-08-24 10:15:57 | 耗时 4 ms | SQL 语句：
SELECT u.user_id userId, u.username, u.password, u.email, u.mobile, u.status, u.remaing, u.create_time createTime, u.ssex sex, u.dept_id deptId, u.last_login_time lastLoginTime, u.modify_time modifyTime, u.description, u.avatar, u.THEME, u.IS_TAB, d.dept_name deptName, GROUP_CONCAT(r.role_id) roleId, GROUP_CONCAT(r.ROLE_NAME) roleName FROM t_user u LEFT JOIN t_dept d ON (u.dept_id = d.dept_id) LEFT JOIN t_user_role ur ON (u.user_id = ur.user_id) LEFT JOIN t_role r ON r.role_id = ur.role_id WHERE 1 = 1 AND u.username = 'admin' GROUP BY u.username, u.user_id, u.email, u.mobile, u.status, u.create_time, u.ssex, u.dept_id, u.last_login_time, u.modify_time, u.description, u.avatar;
2020-08-24 10:15:57.977 febs [http-nio-8099-exec-3] INFO  p6spy - 2020-08-24 10:15:57 | 耗时 1 ms | SQL 语句：
SELECT r.* FROM t_role r LEFT JOIN t_user_role ur ON (r.role_id = ur.role_id) LEFT JOIN t_user u ON (u.user_id = ur.user_id) WHERE u.username = 'admin';
2020-08-24 10:15:57.993 febs [http-nio-8099-exec-3] INFO  p6spy - 2020-08-24 10:15:57 | 耗时 1 ms | SQL 语句：
SELECT m.perms FROM t_role r LEFT JOIN t_user_role ur ON (r.role_id = ur.role_id) LEFT JOIN t_user u ON (u.user_id = ur.user_id) LEFT JOIN t_role_menu rm ON (rm.role_id = r.role_id) LEFT JOIN t_menu m ON (m.menu_id = rm.menu_id) WHERE m.perms IS NOT NULL AND m.perms <> '' AND u.username = 'admin';
2020-08-24 10:15:58.080 febs [http-nio-8099-exec-3] INFO  c.c.c.a.s.HttpSessionCreatedEventListener - 新建session:FE4CDD196864504F38200C1DD236AFEB
2020-08-24 10:15:58.610 febs [http-nio-8099-exec-4] INFO  p6spy - 2020-08-24 10:15:58 | 耗时 2 ms | SQL 语句：
SELECT m.* FROM t_menu m WHERE m.type <> 1 AND m.MENU_ID IN (SELECT DISTINCT rm.menu_id FROM t_role_menu rm LEFT JOIN t_role r ON (rm.role_id = r.role_id) LEFT JOIN t_user_role ur ON (ur.role_id = r.role_id) LEFT JOIN t_user u ON (u.user_id = ur.user_id) WHERE u.username = 'admin') ORDER BY m.order_num;
2020-08-24 10:15:58.876 febs [http-nio-8099-exec-5] INFO  p6spy - 2020-08-24 10:15:58 | 耗时 2 ms | SQL 语句：
UPDATE t_user SET LAST_LOGIN_TIME = '2020-08-24T10:15:58.821+0800' WHERE (USERNAME = 'admin');
2020-08-24 10:15:58.892 febs [http-nio-8099-exec-5] INFO  p6spy - 2020-08-24 10:15:58 | 耗时 1 ms | SQL 语句：
SELECT count(1) FROM t_login_log;
2020-08-24 10:15:58.898 febs [http-nio-8099-exec-5] INFO  p6spy - 2020-08-24 10:15:58 | 耗时 0 ms | SQL 语句：
SELECT count(1) FROM t_login_log WHERE datediff(login_time, now()) = 0;
2020-08-24 10:15:58.903 febs [http-nio-8099-exec-5] INFO  p6spy - 2020-08-24 10:15:58 | 耗时 0 ms | SQL 语句：
SELECT count(DISTINCT (ip)) FROM t_login_log WHERE datediff(login_time, now()) = 0;
2020-08-24 10:15:58.910 febs [http-nio-8099-exec-5] INFO  p6spy - 2020-08-24 10:15:58 | 耗时 1 ms | SQL 语句：
SELECT date_format(l.login_time, '%m-%d') days, count(1) count FROM (SELECT * FROM t_login_log WHERE date_sub(curdate(), INTERVAL 10 day) <= date(login_time)) AS l WHERE 1 = 1 GROUP BY days;
2020-08-24 10:15:58.915 febs [http-nio-8099-exec-5] INFO  p6spy - 2020-08-24 10:15:58 | 耗时 0 ms | SQL 语句：
SELECT date_format(l.login_time, '%m-%d') days, count(1) count FROM (SELECT * FROM t_login_log WHERE date_sub(curdate(), INTERVAL 10 day) <= date(login_time)) AS l WHERE 1 = 1 AND l.username = 'admin' GROUP BY days;
2020-08-24 10:16:02.915 febs [http-nio-8099-exec-9] INFO  p6spy - 2020-08-24 10:16:02 | 耗时 1 ms | SQL 语句：
SELECT COUNT(1) FROM a_myequipment WHERE (eq_dept_category = 1);
2020-08-24 10:16:02.932 febs [http-nio-8099-exec-9] INFO  p6spy - 2020-08-24 10:16:02 | 耗时 1 ms | SQL 语句：
SELECT id, eq_name, eq_code, eq_dept_id, eq_dept_name, eq_dept_category, eq_type, eq_ledger, eq_pm_two, eq_pm_ten, eq_co, eq_so2, sq_no2, sq_o3, eq_noise, wind_direction, wind_speed, eq_address, eq_add_time, eq_supplier, eq_overhaul, state, creator, create_date, modifier, mod_date FROM a_myequipment WHERE (eq_dept_category = 1) ORDER BY id ASC LIMIT 0,10;
2020-08-24 10:16:02.941 febs [http-nio-8099-exec-9] INFO  p6spy - 2020-08-24 10:16:02 | 耗时 1 ms | SQL 语句：
SELECT COUNT(1) FROM a_myequipment WHERE (eq_dept_category = 1);
2020-08-24 10:16:02.945 febs [http-nio-8099-exec-9] INFO  p6spy - 2020-08-24 10:16:02 | 耗时 1 ms | SQL 语句：
SELECT id, eq_name, eq_code, eq_dept_id, eq_dept_name, eq_dept_category, eq_type, eq_ledger, eq_pm_two, eq_pm_ten, eq_co, eq_so2, sq_no2, sq_o3, eq_noise, wind_direction, wind_speed, eq_address, eq_add_time, eq_supplier, eq_overhaul, state, creator, create_date, modifier, mod_date FROM a_myequipment WHERE (eq_dept_category = 1) ORDER BY id ASC LIMIT 0,10;
2020-08-24 10:16:55.850 febs [http-nio-8099-exec-1] INFO  p6spy - 2020-08-24 10:16:55 | 耗时 2 ms | SQL 语句：
SELECT m.* FROM t_menu m WHERE m.type <> 1 AND m.MENU_ID IN (SELECT DISTINCT rm.menu_id FROM t_role_menu rm LEFT JOIN t_role r ON (rm.role_id = r.role_id) LEFT JOIN t_user_role ur ON (ur.role_id = r.role_id) LEFT JOIN t_user u ON (u.user_id = ur.user_id) WHERE u.username = 'admin') ORDER BY m.order_num;
2020-08-24 10:16:55.960 febs [http-nio-8099-exec-10] INFO  p6spy - 2020-08-24 10:16:55 | 耗时 1 ms | SQL 语句：
SELECT COUNT(1) FROM a_myequipment WHERE (eq_dept_category = 1);
2020-08-24 10:16:55.965 febs [http-nio-8099-exec-10] INFO  p6spy - 2020-08-24 10:16:55 | 耗时 1 ms | SQL 语句：
SELECT id, eq_name, eq_code, eq_dept_id, eq_dept_name, eq_dept_category, eq_type, eq_ledger, eq_pm_two, eq_pm_ten, eq_co, eq_so2, sq_no2, sq_o3, eq_noise, wind_direction, wind_speed, eq_address, eq_add_time, eq_supplier, eq_overhaul, state, creator, create_date, modifier, mod_date FROM a_myequipment WHERE (eq_dept_category = 1) ORDER BY id ASC LIMIT 0,10;
2020-08-24 10:16:55.973 febs [http-nio-8099-exec-10] INFO  p6spy - 2020-08-24 10:16:55 | 耗时 0 ms | SQL 语句：
SELECT COUNT(1) FROM a_myequipment WHERE (eq_dept_category = 1);
2020-08-24 10:16:55.978 febs [http-nio-8099-exec-10] INFO  p6spy - 2020-08-24 10:16:55 | 耗时 2 ms | SQL 语句：
SELECT id, eq_name, eq_code, eq_dept_id, eq_dept_name, eq_dept_category, eq_type, eq_ledger, eq_pm_two, eq_pm_ten, eq_co, eq_so2, sq_no2, sq_o3, eq_noise, wind_direction, wind_speed, eq_address, eq_add_time, eq_supplier, eq_overhaul, state, creator, create_date, modifier, mod_date FROM a_myequipment WHERE (eq_dept_category = 1) ORDER BY id ASC LIMIT 0,10;
2020-08-24 10:17:29.411 febs [http-nio-8099-exec-7] INFO  p6spy - 2020-08-24 10:17:29 | 耗时 2 ms | SQL 语句：
SELECT m.* FROM t_menu m WHERE m.type <> 1 AND m.MENU_ID IN (SELECT DISTINCT rm.menu_id FROM t_role_menu rm LEFT JOIN t_role r ON (rm.role_id = r.role_id) LEFT JOIN t_user_role ur ON (ur.role_id = r.role_id) LEFT JOIN t_user u ON (u.user_id = ur.user_id) WHERE u.username = 'admin') ORDER BY m.order_num;
2020-08-24 10:17:29.482 febs [http-nio-8099-exec-4] INFO  p6spy - 2020-08-24 10:17:29 | 耗时 1 ms | SQL 语句：
SELECT COUNT(1) FROM a_myequipment WHERE (eq_dept_category = 1);
2020-08-24 10:17:29.487 febs [http-nio-8099-exec-4] INFO  p6spy - 2020-08-24 10:17:29 | 耗时 1 ms | SQL 语句：
SELECT id, eq_name, eq_code, eq_dept_id, eq_dept_name, eq_dept_category, eq_type, eq_ledger, eq_pm_two, eq_pm_ten, eq_co, eq_so2, sq_no2, sq_o3, eq_noise, wind_direction, wind_speed, eq_address, eq_add_time, eq_supplier, eq_overhaul, state, creator, create_date, modifier, mod_date FROM a_myequipment WHERE (eq_dept_category = 1) ORDER BY id ASC LIMIT 0,10;
2020-08-24 10:17:29.494 febs [http-nio-8099-exec-4] INFO  p6spy - 2020-08-24 10:17:29 | 耗时 0 ms | SQL 语句：
SELECT COUNT(1) FROM a_myequipment WHERE (eq_dept_category = 1);
2020-08-24 10:17:29.498 febs [http-nio-8099-exec-4] INFO  p6spy - 2020-08-24 10:17:29 | 耗时 1 ms | SQL 语句：
SELECT id, eq_name, eq_code, eq_dept_id, eq_dept_name, eq_dept_category, eq_type, eq_ledger, eq_pm_two, eq_pm_ten, eq_co, eq_so2, sq_no2, sq_o3, eq_noise, wind_direction, wind_speed, eq_address, eq_add_time, eq_supplier, eq_overhaul, state, creator, create_date, modifier, mod_date FROM a_myequipment WHERE (eq_dept_category = 1) ORDER BY id ASC LIMIT 0,10;
2020-08-24 10:18:14.058 febs [http-nio-8099-exec-1] INFO  p6spy - 2020-08-24 10:18:14 | 耗时 2 ms | SQL 语句：
SELECT m.* FROM t_menu m WHERE m.type <> 1 AND m.MENU_ID IN (SELECT DISTINCT rm.menu_id FROM t_role_menu rm LEFT JOIN t_role r ON (rm.role_id = r.role_id) LEFT JOIN t_user_role ur ON (ur.role_id = r.role_id) LEFT JOIN t_user u ON (u.user_id = ur.user_id) WHERE u.username = 'admin') ORDER BY m.order_num;
2020-08-24 10:18:14.142 febs [http-nio-8099-exec-2] INFO  p6spy - 2020-08-24 10:18:14 | 耗时 1 ms | SQL 语句：
SELECT COUNT(1) FROM a_myequipment WHERE (eq_dept_category = 1);
2020-08-24 10:18:14.147 febs [http-nio-8099-exec-2] INFO  p6spy - 2020-08-24 10:18:14 | 耗时 1 ms | SQL 语句：
SELECT id, eq_name, eq_code, eq_dept_id, eq_dept_name, eq_dept_category, eq_type, eq_ledger, eq_pm_two, eq_pm_ten, eq_co, eq_so2, sq_no2, sq_o3, eq_noise, wind_direction, wind_speed, eq_address, eq_add_time, eq_supplier, eq_overhaul, state, creator, create_date, modifier, mod_date FROM a_myequipment WHERE (eq_dept_category = 1) ORDER BY id ASC LIMIT 0,10;
2020-08-24 10:18:14.155 febs [http-nio-8099-exec-2] INFO  p6spy - 2020-08-24 10:18:14 | 耗时 0 ms | SQL 语句：
SELECT COUNT(1) FROM a_myequipment WHERE (eq_dept_category = 1);
2020-08-24 10:18:14.159 febs [http-nio-8099-exec-2] INFO  p6spy - 2020-08-24 10:18:14 | 耗时 1 ms | SQL 语句：
SELECT id, eq_name, eq_code, eq_dept_id, eq_dept_name, eq_dept_category, eq_type, eq_ledger, eq_pm_two, eq_pm_ten, eq_co, eq_so2, sq_no2, sq_o3, eq_noise, wind_direction, wind_speed, eq_address, eq_add_time, eq_supplier, eq_overhaul, state, creator, create_date, modifier, mod_date FROM a_myequipment WHERE (eq_dept_category = 1) ORDER BY id ASC LIMIT 0,10;
2020-08-24 10:18:29.792 febs [http-nio-8099-exec-2] INFO  p6spy - 2020-08-24 10:18:29 | 耗时 3 ms | SQL 语句：
SELECT m.* FROM t_menu m WHERE m.type <> 1 AND m.MENU_ID IN (SELECT DISTINCT rm.menu_id FROM t_role_menu rm LEFT JOIN t_role r ON (rm.role_id = r.role_id) LEFT JOIN t_user_role ur ON (ur.role_id = r.role_id) LEFT JOIN t_user u ON (u.user_id = ur.user_id) WHERE u.username = 'admin') ORDER BY m.order_num;
2020-08-24 10:18:29.914 febs [http-nio-8099-exec-8] INFO  p6spy - 2020-08-24 10:18:29 | 耗时 1 ms | SQL 语句：
SELECT COUNT(1) FROM a_myequipment WHERE (eq_dept_category = 1);
2020-08-24 10:18:29.918 febs [http-nio-8099-exec-8] INFO  p6spy - 2020-08-24 10:18:29 | 耗时 1 ms | SQL 语句：
SELECT id, eq_name, eq_code, eq_dept_id, eq_dept_name, eq_dept_category, eq_type, eq_ledger, eq_pm_two, eq_pm_ten, eq_co, eq_so2, sq_no2, sq_o3, eq_noise, wind_direction, wind_speed, eq_address, eq_add_time, eq_supplier, eq_overhaul, state, creator, create_date, modifier, mod_date FROM a_myequipment WHERE (eq_dept_category = 1) ORDER BY id ASC LIMIT 0,10;
2020-08-24 10:18:29.929 febs [http-nio-8099-exec-8] INFO  p6spy - 2020-08-24 10:18:29 | 耗时 1 ms | SQL 语句：
SELECT COUNT(1) FROM a_myequipment WHERE (eq_dept_category = 1);
2020-08-24 10:18:29.934 febs [http-nio-8099-exec-8] INFO  p6spy - 2020-08-24 10:18:29 | 耗时 1 ms | SQL 语句：
SELECT id, eq_name, eq_code, eq_dept_id, eq_dept_name, eq_dept_category, eq_type, eq_ledger, eq_pm_two, eq_pm_ten, eq_co, eq_so2, sq_no2, sq_o3, eq_noise, wind_direction, wind_speed, eq_address, eq_add_time, eq_supplier, eq_overhaul, state, creator, create_date, modifier, mod_date FROM a_myequipment WHERE (eq_dept_category = 1) ORDER BY id ASC LIMIT 0,10;
2020-08-24 10:18:56.302 febs [http-nio-8099-exec-5] INFO  p6spy - 2020-08-24 10:18:56 | 耗时 2 ms | SQL 语句：
SELECT m.* FROM t_menu m WHERE m.type <> 1 AND m.MENU_ID IN (SELECT DISTINCT rm.menu_id FROM t_role_menu rm LEFT JOIN t_role r ON (rm.role_id = r.role_id) LEFT JOIN t_user_role ur ON (ur.role_id = r.role_id) LEFT JOIN t_user u ON (u.user_id = ur.user_id) WHERE u.username = 'admin') ORDER BY m.order_num;
2020-08-24 10:18:56.374 febs [http-nio-8099-exec-7] INFO  p6spy - 2020-08-24 10:18:56 | 耗时 1 ms | SQL 语句：
SELECT COUNT(1) FROM a_myequipment WHERE (eq_dept_category = 1);
2020-08-24 10:18:56.379 febs [http-nio-8099-exec-7] INFO  p6spy - 2020-08-24 10:18:56 | 耗时 1 ms | SQL 语句：
SELECT id, eq_name, eq_code, eq_dept_id, eq_dept_name, eq_dept_category, eq_type, eq_ledger, eq_pm_two, eq_pm_ten, eq_co, eq_so2, sq_no2, sq_o3, eq_noise, wind_direction, wind_speed, eq_address, eq_add_time, eq_supplier, eq_overhaul, state, creator, create_date, modifier, mod_date FROM a_myequipment WHERE (eq_dept_category = 1) ORDER BY id ASC LIMIT 0,10;
2020-08-24 10:18:56.386 febs [http-nio-8099-exec-7] INFO  p6spy - 2020-08-24 10:18:56 | 耗时 0 ms | SQL 语句：
SELECT COUNT(1) FROM a_myequipment WHERE (eq_dept_category = 1);
2020-08-24 10:18:56.390 febs [http-nio-8099-exec-7] INFO  p6spy - 2020-08-24 10:18:56 | 耗时 1 ms | SQL 语句：
SELECT id, eq_name, eq_code, eq_dept_id, eq_dept_name, eq_dept_category, eq_type, eq_ledger, eq_pm_two, eq_pm_ten, eq_co, eq_so2, sq_no2, sq_o3, eq_noise, wind_direction, wind_speed, eq_address, eq_add_time, eq_supplier, eq_overhaul, state, creator, create_date, modifier, mod_date FROM a_myequipment WHERE (eq_dept_category = 1) ORDER BY id ASC LIMIT 0,10;
2020-08-24 10:19:46.509 febs [http-nio-8099-exec-7] INFO  p6spy - 2020-08-24 10:19:46 | 耗时 2 ms | SQL 语句：
SELECT m.* FROM t_menu m WHERE m.type <> 1 AND m.MENU_ID IN (SELECT DISTINCT rm.menu_id FROM t_role_menu rm LEFT JOIN t_role r ON (rm.role_id = r.role_id) LEFT JOIN t_user_role ur ON (ur.role_id = r.role_id) LEFT JOIN t_user u ON (u.user_id = ur.user_id) WHERE u.username = 'admin') ORDER BY m.order_num;
2020-08-24 10:19:46.575 febs [http-nio-8099-exec-1] INFO  p6spy - 2020-08-24 10:19:46 | 耗时 0 ms | SQL 语句：
SELECT COUNT(1) FROM a_myequipment WHERE (eq_dept_category = 1);
2020-08-24 10:19:46.579 febs [http-nio-8099-exec-1] INFO  p6spy - 2020-08-24 10:19:46 | 耗时 1 ms | SQL 语句：
SELECT id, eq_name, eq_code, eq_dept_id, eq_dept_name, eq_dept_category, eq_type, eq_ledger, eq_pm_two, eq_pm_ten, eq_co, eq_so2, sq_no2, sq_o3, eq_noise, wind_direction, wind_speed, eq_address, eq_add_time, eq_supplier, eq_overhaul, state, creator, create_date, modifier, mod_date FROM a_myequipment WHERE (eq_dept_category = 1) ORDER BY id ASC LIMIT 0,10;
2020-08-24 10:19:46.585 febs [http-nio-8099-exec-1] INFO  p6spy - 2020-08-24 10:19:46 | 耗时 0 ms | SQL 语句：
SELECT COUNT(1) FROM a_myequipment WHERE (eq_dept_category = 1);
2020-08-24 10:19:46.589 febs [http-nio-8099-exec-1] INFO  p6spy - 2020-08-24 10:19:46 | 耗时 1 ms | SQL 语句：
SELECT id, eq_name, eq_code, eq_dept_id, eq_dept_name, eq_dept_category, eq_type, eq_ledger, eq_pm_two, eq_pm_ten, eq_co, eq_so2, sq_no2, sq_o3, eq_noise, wind_direction, wind_speed, eq_address, eq_add_time, eq_supplier, eq_overhaul, state, creator, create_date, modifier, mod_date FROM a_myequipment WHERE (eq_dept_category = 1) ORDER BY id ASC LIMIT 0,10;
2020-08-24 10:49:53.849 febs [Catalina-utility-2] INFO  c.c.c.a.s.SessionDestroyedEventListener - 失效session:FE4CDD196864504F38200C1DD236AFEB
2020-08-24 10:50:34.138 febs [http-nio-8099-exec-10] INFO  c.c.c.a.s.HttpSessionCreatedEventListener - 新建session:68493D4735CF6C6140B0E5258096329F
2020-08-24 11:25:57.792 febs [Catalina-utility-1] INFO  c.c.c.a.s.SessionDestroyedEventListener - 失效session:68493D4735CF6C6140B0E5258096329F
2020-08-24 11:30:09.247 febs [scheduling-1] INFO  p6spy - 2020-08-24 11:30:09 | 耗时 2 ms | SQL 语句：
SELECT id, eq_name, eq_code, eq_dept_id, eq_dept_name, eq_dept_category, eq_type, eq_ledger, eq_pm_two, eq_pm_ten, eq_co, eq_so2, sq_no2, sq_o3, eq_noise, wind_direction, wind_speed, eq_address, eq_add_time, eq_supplier, eq_overhaul, state, creator, create_date, modifier, mod_date FROM a_myequipment;
2020-08-24 11:59:59.042 febs [scheduling-1] INFO  p6spy - 2020-08-24 11:59:59 | 耗时 35 ms | SQL 语句：
SELECT id, eq_name, eq_code, eq_dept_id, eq_dept_name, eq_dept_category, eq_type, eq_ledger, eq_pm_two, eq_pm_ten, eq_co, eq_so2, sq_no2, sq_o3, eq_noise, wind_direction, wind_speed, eq_address, eq_add_time, eq_supplier, eq_overhaul, state, creator, create_date, modifier, mod_date FROM a_myequipment;
2020-08-24 11:59:59.044 febs [scheduling-1] INFO  c.c.m.myUser.Scheduled.MyUserTask - >>>>>>>>>>>>>>>>>>设备超时<<<<<<<<<<<<<<<<<<<<<<<<
2020-08-24 12:00:59.011 febs [scheduling-1] INFO  p6spy - 2020-08-24 12:00:59 | 耗时 1 ms | SQL 语句：
SELECT id, eq_name, eq_code, eq_dept_id, eq_dept_name, eq_dept_category, eq_type, eq_ledger, eq_pm_two, eq_pm_ten, eq_co, eq_so2, sq_no2, sq_o3, eq_noise, wind_direction, wind_speed, eq_address, eq_add_time, eq_supplier, eq_overhaul, state, creator, create_date, modifier, mod_date FROM a_myequipment;
2020-08-24 12:00:59.014 febs [scheduling-1] INFO  c.c.m.myUser.Scheduled.MyUserTask - >>>>>>>>>>>>>>>>>>设备超时<<<<<<<<<<<<<<<<<<<<<<<<
2020-08-24 13:45:43.763 febs [http-nio-8099-exec-3] INFO  c.c.c.a.s.HttpSessionCreatedEventListener - 新建session:3A9B5590DDE3EB671CBEADA825E38037
2020-08-24 13:45:46.157 febs [http-nio-8099-exec-1] INFO  p6spy - 2020-08-24 13:45:46 | 耗时 6 ms | SQL 语句：
SELECT u.user_id userId, u.username, u.password, u.email, u.mobile, u.status, u.remaing, u.create_time createTime, u.ssex sex, u.dept_id deptId, u.last_login_time lastLoginTime, u.modify_time modifyTime, u.description, u.avatar, u.THEME, u.IS_TAB, d.dept_name deptName, GROUP_CONCAT(r.role_id) roleId, GROUP_CONCAT(r.ROLE_NAME) roleName FROM t_user u LEFT JOIN t_dept d ON (u.dept_id = d.dept_id) LEFT JOIN t_user_role ur ON (u.user_id = ur.user_id) LEFT JOIN t_role r ON r.role_id = ur.role_id WHERE 1 = 1 AND u.username = 'admin' GROUP BY u.username, u.user_id, u.email, u.mobile, u.status, u.create_time, u.ssex, u.dept_id, u.last_login_time, u.modify_time, u.description, u.avatar;
2020-08-24 13:45:46.165 febs [http-nio-8099-exec-1] INFO  p6spy - 2020-08-24 13:45:46 | 耗时 1 ms | SQL 语句：
SELECT r.* FROM t_role r LEFT JOIN t_user_role ur ON (r.role_id = ur.role_id) LEFT JOIN t_user u ON (u.user_id = ur.user_id) WHERE u.username = 'admin';
2020-08-24 13:45:46.168 febs [http-nio-8099-exec-2] INFO  p6spy - 2020-08-24 13:45:46 | 耗时 2 ms | SQL 语句：
SELECT u.user_id userId, u.username, u.password, u.email, u.mobile, u.status, u.remaing, u.create_time createTime, u.ssex sex, u.dept_id deptId, u.last_login_time lastLoginTime, u.modify_time modifyTime, u.description, u.avatar, u.THEME, u.IS_TAB, d.dept_name deptName, GROUP_CONCAT(r.role_id) roleId, GROUP_CONCAT(r.ROLE_NAME) roleName FROM t_user u LEFT JOIN t_dept d ON (u.dept_id = d.dept_id) LEFT JOIN t_user_role ur ON (u.user_id = ur.user_id) LEFT JOIN t_role r ON r.role_id = ur.role_id WHERE 1 = 1 AND u.username = 'admin' GROUP BY u.username, u.user_id, u.email, u.mobile, u.status, u.create_time, u.ssex, u.dept_id, u.last_login_time, u.modify_time, u.description, u.avatar;
2020-08-24 13:45:46.174 febs [http-nio-8099-exec-2] INFO  p6spy - 2020-08-24 13:45:46 | 耗时 0 ms | SQL 语句：
SELECT r.* FROM t_role r LEFT JOIN t_user_role ur ON (r.role_id = ur.role_id) LEFT JOIN t_user u ON (u.user_id = ur.user_id) WHERE u.username = 'admin';
2020-08-24 13:45:46.174 febs [http-nio-8099-exec-1] INFO  p6spy - 2020-08-24 13:45:46 | 耗时 2 ms | SQL 语句：
SELECT m.perms FROM t_role r LEFT JOIN t_user_role ur ON (r.role_id = ur.role_id) LEFT JOIN t_user u ON (u.user_id = ur.user_id) LEFT JOIN t_role_menu rm ON (rm.role_id = r.role_id) LEFT JOIN t_menu m ON (m.menu_id = rm.menu_id) WHERE m.perms IS NOT NULL AND m.perms <> '' AND u.username = 'admin';
2020-08-24 13:45:46.181 febs [http-nio-8099-exec-2] INFO  p6spy - 2020-08-24 13:45:46 | 耗时 1 ms | SQL 语句：
SELECT m.perms FROM t_role r LEFT JOIN t_user_role ur ON (r.role_id = ur.role_id) LEFT JOIN t_user u ON (u.user_id = ur.user_id) LEFT JOIN t_role_menu rm ON (rm.role_id = r.role_id) LEFT JOIN t_menu m ON (m.menu_id = rm.menu_id) WHERE m.perms IS NOT NULL AND m.perms <> '' AND u.username = 'admin';
2020-08-24 13:45:46.591 febs [http-nio-8099-exec-3] INFO  p6spy - 2020-08-24 13:45:46 | 耗时 2 ms | SQL 语句：
SELECT m.* FROM t_menu m WHERE m.type <> 1 AND m.MENU_ID IN (SELECT DISTINCT rm.menu_id FROM t_role_menu rm LEFT JOIN t_role r ON (rm.role_id = r.role_id) LEFT JOIN t_user_role ur ON (ur.role_id = r.role_id) LEFT JOIN t_user u ON (u.user_id = ur.user_id) WHERE u.username = 'admin') ORDER BY m.order_num;
2020-08-24 13:45:46.710 febs [http-nio-8099-exec-2] INFO  p6spy - 2020-08-24 13:45:46 | 耗时 1 ms | SQL 语句：
UPDATE t_user SET LAST_LOGIN_TIME = '2020-08-24T13:45:46.692+0800' WHERE (USERNAME = 'admin');
2020-08-24 13:45:46.717 febs [http-nio-8099-exec-2] INFO  p6spy - 2020-08-24 13:45:46 | 耗时 0 ms | SQL 语句：
SELECT count(1) FROM t_login_log;
2020-08-24 13:45:46.721 febs [http-nio-8099-exec-2] INFO  p6spy - 2020-08-24 13:45:46 | 耗时 0 ms | SQL 语句：
SELECT count(1) FROM t_login_log WHERE datediff(login_time, now()) = 0;
2020-08-24 13:45:46.726 febs [http-nio-8099-exec-2] INFO  p6spy - 2020-08-24 13:45:46 | 耗时 0 ms | SQL 语句：
SELECT count(DISTINCT (ip)) FROM t_login_log WHERE datediff(login_time, now()) = 0;
2020-08-24 13:45:46.733 febs [http-nio-8099-exec-2] INFO  p6spy - 2020-08-24 13:45:46 | 耗时 0 ms | SQL 语句：
SELECT date_format(l.login_time, '%m-%d') days, count(1) count FROM (SELECT * FROM t_login_log WHERE date_sub(curdate(), INTERVAL 10 day) <= date(login_time)) AS l WHERE 1 = 1 GROUP BY days;
2020-08-24 13:45:46.738 febs [http-nio-8099-exec-2] INFO  p6spy - 2020-08-24 13:45:46 | 耗时 0 ms | SQL 语句：
SELECT date_format(l.login_time, '%m-%d') days, count(1) count FROM (SELECT * FROM t_login_log WHERE date_sub(curdate(), INTERVAL 10 day) <= date(login_time)) AS l WHERE 1 = 1 AND l.username = 'admin' GROUP BY days;
2020-08-24 13:45:59.228 febs [http-nio-8099-exec-4] INFO  p6spy - 2020-08-24 13:45:59 | 耗时 1 ms | SQL 语句：
SELECT COUNT(1) FROM a_myequipment WHERE (eq_dept_category = 1);
2020-08-24 13:45:59.231 febs [http-nio-8099-exec-4] INFO  p6spy - 2020-08-24 13:45:59 | 耗时 0 ms | SQL 语句：
SELECT id, eq_name, eq_code, eq_dept_id, eq_dept_name, eq_dept_category, eq_type, eq_ledger, eq_pm_two, eq_pm_ten, eq_co, eq_so2, sq_no2, sq_o3, eq_noise, wind_direction, wind_speed, eq_address, eq_add_time, eq_supplier, eq_overhaul, state, creator, create_date, modifier, mod_date FROM a_myequipment WHERE (eq_dept_category = 1) ORDER BY id ASC LIMIT 0,10;
2020-08-24 13:45:59.236 febs [http-nio-8099-exec-4] INFO  p6spy - 2020-08-24 13:45:59 | 耗时 0 ms | SQL 语句：
SELECT COUNT(1) FROM a_myequipment WHERE (eq_dept_category = 1);
2020-08-24 13:45:59.240 febs [http-nio-8099-exec-4] INFO  p6spy - 2020-08-24 13:45:59 | 耗时 0 ms | SQL 语句：
SELECT id, eq_name, eq_code, eq_dept_id, eq_dept_name, eq_dept_category, eq_type, eq_ledger, eq_pm_two, eq_pm_ten, eq_co, eq_so2, sq_no2, sq_o3, eq_noise, wind_direction, wind_speed, eq_address, eq_add_time, eq_supplier, eq_overhaul, state, creator, create_date, modifier, mod_date FROM a_myequipment WHERE (eq_dept_category = 1) ORDER BY id ASC LIMIT 0,10;
2020-08-24 13:46:06.151 febs [http-nio-8099-exec-8] INFO  p6spy - 2020-08-24 13:46:06 | 耗时 2 ms | SQL 语句：
SELECT m.* FROM t_menu m WHERE m.type <> 1 AND m.MENU_ID IN (SELECT DISTINCT rm.menu_id FROM t_role_menu rm LEFT JOIN t_role r ON (rm.role_id = r.role_id) LEFT JOIN t_user_role ur ON (ur.role_id = r.role_id) LEFT JOIN t_user u ON (u.user_id = ur.user_id) WHERE u.username = 'admin') ORDER BY m.order_num;
2020-08-24 13:46:06.205 febs [http-nio-8099-exec-9] INFO  p6spy - 2020-08-24 13:46:06 | 耗时 0 ms | SQL 语句：
SELECT COUNT(1) FROM a_myequipment WHERE (eq_dept_category = 1);
2020-08-24 13:46:06.209 febs [http-nio-8099-exec-9] INFO  p6spy - 2020-08-24 13:46:06 | 耗时 0 ms | SQL 语句：
SELECT id, eq_name, eq_code, eq_dept_id, eq_dept_name, eq_dept_category, eq_type, eq_ledger, eq_pm_two, eq_pm_ten, eq_co, eq_so2, sq_no2, sq_o3, eq_noise, wind_direction, wind_speed, eq_address, eq_add_time, eq_supplier, eq_overhaul, state, creator, create_date, modifier, mod_date FROM a_myequipment WHERE (eq_dept_category = 1) ORDER BY id ASC LIMIT 0,10;
2020-08-24 13:46:06.220 febs [http-nio-8099-exec-9] INFO  p6spy - 2020-08-24 13:46:06 | 耗时 0 ms | SQL 语句：
SELECT COUNT(1) FROM a_myequipment WHERE (eq_dept_category = 1);
2020-08-24 13:46:06.223 febs [http-nio-8099-exec-9] INFO  p6spy - 2020-08-24 13:46:06 | 耗时 0 ms | SQL 语句：
SELECT id, eq_name, eq_code, eq_dept_id, eq_dept_name, eq_dept_category, eq_type, eq_ledger, eq_pm_two, eq_pm_ten, eq_co, eq_so2, sq_no2, sq_o3, eq_noise, wind_direction, wind_speed, eq_address, eq_add_time, eq_supplier, eq_overhaul, state, creator, create_date, modifier, mod_date FROM a_myequipment WHERE (eq_dept_category = 1) ORDER BY id ASC LIMIT 0,10;
2020-08-24 13:46:22.097 febs [http-nio-8099-exec-6] INFO  p6spy - 2020-08-24 13:46:22 | 耗时 3 ms | SQL 语句：
SELECT m.* FROM t_menu m WHERE m.type <> 1 AND m.MENU_ID IN (SELECT DISTINCT rm.menu_id FROM t_role_menu rm LEFT JOIN t_role r ON (rm.role_id = r.role_id) LEFT JOIN t_user_role ur ON (ur.role_id = r.role_id) LEFT JOIN t_user u ON (u.user_id = ur.user_id) WHERE u.username = 'admin') ORDER BY m.order_num;
2020-08-24 13:46:22.207 febs [http-nio-8099-exec-7] INFO  p6spy - 2020-08-24 13:46:22 | 耗时 0 ms | SQL 语句：
SELECT COUNT(1) FROM a_myequipment WHERE (eq_dept_category = 1);
2020-08-24 13:46:22.211 febs [http-nio-8099-exec-7] INFO  p6spy - 2020-08-24 13:46:22 | 耗时 1 ms | SQL 语句：
SELECT id, eq_name, eq_code, eq_dept_id, eq_dept_name, eq_dept_category, eq_type, eq_ledger, eq_pm_two, eq_pm_ten, eq_co, eq_so2, sq_no2, sq_o3, eq_noise, wind_direction, wind_speed, eq_address, eq_add_time, eq_supplier, eq_overhaul, state, creator, create_date, modifier, mod_date FROM a_myequipment WHERE (eq_dept_category = 1) ORDER BY id ASC LIMIT 0,10;
2020-08-24 13:46:22.221 febs [http-nio-8099-exec-7] INFO  p6spy - 2020-08-24 13:46:22 | 耗时 1 ms | SQL 语句：
SELECT COUNT(1) FROM a_myequipment WHERE (eq_dept_category = 1);
2020-08-24 13:46:22.225 febs [http-nio-8099-exec-7] INFO  p6spy - 2020-08-24 13:46:22 | 耗时 1 ms | SQL 语句：
SELECT id, eq_name, eq_code, eq_dept_id, eq_dept_name, eq_dept_category, eq_type, eq_ledger, eq_pm_two, eq_pm_ten, eq_co, eq_so2, sq_no2, sq_o3, eq_noise, wind_direction, wind_speed, eq_address, eq_add_time, eq_supplier, eq_overhaul, state, creator, create_date, modifier, mod_date FROM a_myequipment WHERE (eq_dept_category = 1) ORDER BY id ASC LIMIT 0,10;
2020-08-24 13:47:35.123 febs [http-nio-8099-exec-2] INFO  p6spy - 2020-08-24 13:47:35 | 耗时 1 ms | SQL 语句：
SELECT m.* FROM t_menu m WHERE m.type <> 1 AND m.MENU_ID IN (SELECT DISTINCT rm.menu_id FROM t_role_menu rm LEFT JOIN t_role r ON (rm.role_id = r.role_id) LEFT JOIN t_user_role ur ON (ur.role_id = r.role_id) LEFT JOIN t_user u ON (u.user_id = ur.user_id) WHERE u.username = 'admin') ORDER BY m.order_num;
2020-08-24 13:47:35.200 febs [http-nio-8099-exec-8] INFO  p6spy - 2020-08-24 13:47:35 | 耗时 1 ms | SQL 语句：
SELECT COUNT(1) FROM a_myequipment WHERE (eq_dept_category = 1);
2020-08-24 13:47:35.204 febs [http-nio-8099-exec-8] INFO  p6spy - 2020-08-24 13:47:35 | 耗时 1 ms | SQL 语句：
SELECT id, eq_name, eq_code, eq_dept_id, eq_dept_name, eq_dept_category, eq_type, eq_ledger, eq_pm_two, eq_pm_ten, eq_co, eq_so2, sq_no2, sq_o3, eq_noise, wind_direction, wind_speed, eq_address, eq_add_time, eq_supplier, eq_overhaul, state, creator, create_date, modifier, mod_date FROM a_myequipment WHERE (eq_dept_category = 1) ORDER BY id ASC LIMIT 0,10;
2020-08-24 13:47:35.212 febs [http-nio-8099-exec-8] INFO  p6spy - 2020-08-24 13:47:35 | 耗时 0 ms | SQL 语句：
SELECT COUNT(1) FROM a_myequipment WHERE (eq_dept_category = 1);
2020-08-24 13:47:35.216 febs [http-nio-8099-exec-8] INFO  p6spy - 2020-08-24 13:47:35 | 耗时 1 ms | SQL 语句：
SELECT id, eq_name, eq_code, eq_dept_id, eq_dept_name, eq_dept_category, eq_type, eq_ledger, eq_pm_two, eq_pm_ten, eq_co, eq_so2, sq_no2, sq_o3, eq_noise, wind_direction, wind_speed, eq_address, eq_add_time, eq_supplier, eq_overhaul, state, creator, create_date, modifier, mod_date FROM a_myequipment WHERE (eq_dept_category = 1) ORDER BY id ASC LIMIT 0,10;
2020-08-24 13:49:52.058 febs [http-nio-8099-exec-6] INFO  p6spy - 2020-08-24 13:49:52 | 耗时 2 ms | SQL 语句：
SELECT m.* FROM t_menu m WHERE m.type <> 1 AND m.MENU_ID IN (SELECT DISTINCT rm.menu_id FROM t_role_menu rm LEFT JOIN t_role r ON (rm.role_id = r.role_id) LEFT JOIN t_user_role ur ON (ur.role_id = r.role_id) LEFT JOIN t_user u ON (u.user_id = ur.user_id) WHERE u.username = 'admin') ORDER BY m.order_num;
2020-08-24 13:49:52.166 febs [http-nio-8099-exec-3] INFO  p6spy - 2020-08-24 13:49:52 | 耗时 0 ms | SQL 语句：
SELECT COUNT(1) FROM a_myequipment WHERE (eq_dept_category = 1);
2020-08-24 13:49:52.170 febs [http-nio-8099-exec-3] INFO  p6spy - 2020-08-24 13:49:52 | 耗时 1 ms | SQL 语句：
SELECT id, eq_name, eq_code, eq_dept_id, eq_dept_name, eq_dept_category, eq_type, eq_ledger, eq_pm_two, eq_pm_ten, eq_co, eq_so2, sq_no2, sq_o3, eq_noise, wind_direction, wind_speed, eq_address, eq_add_time, eq_supplier, eq_overhaul, state, creator, create_date, modifier, mod_date FROM a_myequipment WHERE (eq_dept_category = 1) ORDER BY id ASC LIMIT 0,10;
2020-08-24 13:49:52.181 febs [http-nio-8099-exec-3] INFO  p6spy - 2020-08-24 13:49:52 | 耗时 1 ms | SQL 语句：
SELECT COUNT(1) FROM a_myequipment WHERE (eq_dept_category = 1);
2020-08-24 13:49:52.184 febs [http-nio-8099-exec-3] INFO  p6spy - 2020-08-24 13:49:52 | 耗时 1 ms | SQL 语句：
SELECT id, eq_name, eq_code, eq_dept_id, eq_dept_name, eq_dept_category, eq_type, eq_ledger, eq_pm_two, eq_pm_ten, eq_co, eq_so2, sq_no2, sq_o3, eq_noise, wind_direction, wind_speed, eq_address, eq_add_time, eq_supplier, eq_overhaul, state, creator, create_date, modifier, mod_date FROM a_myequipment WHERE (eq_dept_category = 1) ORDER BY id ASC LIMIT 0,10;
2020-08-24 13:50:32.225 febs [http-nio-8099-exec-3] INFO  p6spy - 2020-08-24 13:50:32 | 耗时 1 ms | SQL 语句：
SELECT m.* FROM t_menu m WHERE m.type <> 1 AND m.MENU_ID IN (SELECT DISTINCT rm.menu_id FROM t_role_menu rm LEFT JOIN t_role r ON (rm.role_id = r.role_id) LEFT JOIN t_user_role ur ON (ur.role_id = r.role_id) LEFT JOIN t_user u ON (u.user_id = ur.user_id) WHERE u.username = 'admin') ORDER BY m.order_num;
2020-08-24 13:50:32.294 febs [http-nio-8099-exec-8] INFO  p6spy - 2020-08-24 13:50:32 | 耗时 1 ms | SQL 语句：
SELECT COUNT(1) FROM a_myequipment WHERE (eq_dept_category = 1);
2020-08-24 13:50:32.298 febs [http-nio-8099-exec-8] INFO  p6spy - 2020-08-24 13:50:32 | 耗时 1 ms | SQL 语句：
SELECT id, eq_name, eq_code, eq_dept_id, eq_dept_name, eq_dept_category, eq_type, eq_ledger, eq_pm_two, eq_pm_ten, eq_co, eq_so2, sq_no2, sq_o3, eq_noise, wind_direction, wind_speed, eq_address, eq_add_time, eq_supplier, eq_overhaul, state, creator, create_date, modifier, mod_date FROM a_myequipment WHERE (eq_dept_category = 1) ORDER BY id ASC LIMIT 0,10;
2020-08-24 13:50:32.305 febs [http-nio-8099-exec-8] INFO  p6spy - 2020-08-24 13:50:32 | 耗时 0 ms | SQL 语句：
SELECT COUNT(1) FROM a_myequipment WHERE (eq_dept_category = 1);
2020-08-24 13:50:32.309 febs [http-nio-8099-exec-8] INFO  p6spy - 2020-08-24 13:50:32 | 耗时 1 ms | SQL 语句：
SELECT id, eq_name, eq_code, eq_dept_id, eq_dept_name, eq_dept_category, eq_type, eq_ledger, eq_pm_two, eq_pm_ten, eq_co, eq_so2, sq_no2, sq_o3, eq_noise, wind_direction, wind_speed, eq_address, eq_add_time, eq_supplier, eq_overhaul, state, creator, create_date, modifier, mod_date FROM a_myequipment WHERE (eq_dept_category = 1) ORDER BY id ASC LIMIT 0,10;
2020-08-24 13:51:10.069 febs [http-nio-8099-exec-9] INFO  p6spy - 2020-08-24 13:51:10 | 耗时 2 ms | SQL 语句：
SELECT m.* FROM t_menu m WHERE m.type <> 1 AND m.MENU_ID IN (SELECT DISTINCT rm.menu_id FROM t_role_menu rm LEFT JOIN t_role r ON (rm.role_id = r.role_id) LEFT JOIN t_user_role ur ON (ur.role_id = r.role_id) LEFT JOIN t_user u ON (u.user_id = ur.user_id) WHERE u.username = 'admin') ORDER BY m.order_num;
2020-08-24 13:51:10.180 febs [http-nio-8099-exec-7] INFO  p6spy - 2020-08-24 13:51:10 | 耗时 0 ms | SQL 语句：
SELECT COUNT(1) FROM a_myequipment WHERE (eq_dept_category = 1);
2020-08-24 13:51:10.185 febs [http-nio-8099-exec-7] INFO  p6spy - 2020-08-24 13:51:10 | 耗时 1 ms | SQL 语句：
SELECT id, eq_name, eq_code, eq_dept_id, eq_dept_name, eq_dept_category, eq_type, eq_ledger, eq_pm_two, eq_pm_ten, eq_co, eq_so2, sq_no2, sq_o3, eq_noise, wind_direction, wind_speed, eq_address, eq_add_time, eq_supplier, eq_overhaul, state, creator, create_date, modifier, mod_date FROM a_myequipment WHERE (eq_dept_category = 1) ORDER BY id ASC LIMIT 0,10;
2020-08-24 13:51:10.193 febs [http-nio-8099-exec-7] INFO  p6spy - 2020-08-24 13:51:10 | 耗时 1 ms | SQL 语句：
SELECT COUNT(1) FROM a_myequipment WHERE (eq_dept_category = 1);
2020-08-24 13:51:10.197 febs [http-nio-8099-exec-7] INFO  p6spy - 2020-08-24 13:51:10 | 耗时 1 ms | SQL 语句：
SELECT id, eq_name, eq_code, eq_dept_id, eq_dept_name, eq_dept_category, eq_type, eq_ledger, eq_pm_two, eq_pm_ten, eq_co, eq_so2, sq_no2, sq_o3, eq_noise, wind_direction, wind_speed, eq_address, eq_add_time, eq_supplier, eq_overhaul, state, creator, create_date, modifier, mod_date FROM a_myequipment WHERE (eq_dept_category = 1) ORDER BY id ASC LIMIT 0,10;
2020-08-24 13:51:25.523 febs [http-nio-8099-exec-7] INFO  p6spy - 2020-08-24 13:51:25 | 耗时 2 ms | SQL 语句：
SELECT m.* FROM t_menu m WHERE m.type <> 1 AND m.MENU_ID IN (SELECT DISTINCT rm.menu_id FROM t_role_menu rm LEFT JOIN t_role r ON (rm.role_id = r.role_id) LEFT JOIN t_user_role ur ON (ur.role_id = r.role_id) LEFT JOIN t_user u ON (u.user_id = ur.user_id) WHERE u.username = 'admin') ORDER BY m.order_num;
2020-08-24 13:51:25.656 febs [http-nio-8099-exec-10] INFO  p6spy - 2020-08-24 13:51:25 | 耗时 0 ms | SQL 语句：
SELECT COUNT(1) FROM a_myequipment WHERE (eq_dept_category = 1);
2020-08-24 13:51:25.660 febs [http-nio-8099-exec-10] INFO  p6spy - 2020-08-24 13:51:25 | 耗时 1 ms | SQL 语句：
SELECT id, eq_name, eq_code, eq_dept_id, eq_dept_name, eq_dept_category, eq_type, eq_ledger, eq_pm_two, eq_pm_ten, eq_co, eq_so2, sq_no2, sq_o3, eq_noise, wind_direction, wind_speed, eq_address, eq_add_time, eq_supplier, eq_overhaul, state, creator, create_date, modifier, mod_date FROM a_myequipment WHERE (eq_dept_category = 1) ORDER BY id ASC LIMIT 0,10;
2020-08-24 13:51:25.669 febs [http-nio-8099-exec-10] INFO  p6spy - 2020-08-24 13:51:25 | 耗时 1 ms | SQL 语句：
SELECT COUNT(1) FROM a_myequipment WHERE (eq_dept_category = 1);
2020-08-24 13:51:25.673 febs [http-nio-8099-exec-10] INFO  p6spy - 2020-08-24 13:51:25 | 耗时 1 ms | SQL 语句：
SELECT id, eq_name, eq_code, eq_dept_id, eq_dept_name, eq_dept_category, eq_type, eq_ledger, eq_pm_two, eq_pm_ten, eq_co, eq_so2, sq_no2, sq_o3, eq_noise, wind_direction, wind_speed, eq_address, eq_add_time, eq_supplier, eq_overhaul, state, creator, create_date, modifier, mod_date FROM a_myequipment WHERE (eq_dept_category = 1) ORDER BY id ASC LIMIT 0,10;
2020-08-24 13:52:42.062 febs [http-nio-8099-exec-3] INFO  p6spy - 2020-08-24 13:52:42 | 耗时 1 ms | SQL 语句：
SELECT m.* FROM t_menu m WHERE m.type <> 1 AND m.MENU_ID IN (SELECT DISTINCT rm.menu_id FROM t_role_menu rm LEFT JOIN t_role r ON (rm.role_id = r.role_id) LEFT JOIN t_user_role ur ON (ur.role_id = r.role_id) LEFT JOIN t_user u ON (u.user_id = ur.user_id) WHERE u.username = 'admin') ORDER BY m.order_num;
2020-08-24 13:52:42.142 febs [http-nio-8099-exec-1] INFO  p6spy - 2020-08-24 13:52:42 | 耗时 0 ms | SQL 语句：
SELECT COUNT(1) FROM a_myequipment WHERE (eq_dept_category = 1);
2020-08-24 13:52:42.146 febs [http-nio-8099-exec-1] INFO  p6spy - 2020-08-24 13:52:42 | 耗时 1 ms | SQL 语句：
SELECT id, eq_name, eq_code, eq_dept_id, eq_dept_name, eq_dept_category, eq_type, eq_ledger, eq_pm_two, eq_pm_ten, eq_co, eq_so2, sq_no2, sq_o3, eq_noise, wind_direction, wind_speed, eq_address, eq_add_time, eq_supplier, eq_overhaul, state, creator, create_date, modifier, mod_date FROM a_myequipment WHERE (eq_dept_category = 1) ORDER BY id ASC LIMIT 0,10;
2020-08-24 13:52:42.152 febs [http-nio-8099-exec-1] INFO  p6spy - 2020-08-24 13:52:42 | 耗时 0 ms | SQL 语句：
SELECT COUNT(1) FROM a_myequipment WHERE (eq_dept_category = 1);
2020-08-24 13:52:42.155 febs [http-nio-8099-exec-1] INFO  p6spy - 2020-08-24 13:52:42 | 耗时 0 ms | SQL 语句：
SELECT id, eq_name, eq_code, eq_dept_id, eq_dept_name, eq_dept_category, eq_type, eq_ledger, eq_pm_two, eq_pm_ten, eq_co, eq_so2, sq_no2, sq_o3, eq_noise, wind_direction, wind_speed, eq_address, eq_add_time, eq_supplier, eq_overhaul, state, creator, create_date, modifier, mod_date FROM a_myequipment WHERE (eq_dept_category = 1) ORDER BY id ASC LIMIT 0,10;
2020-08-24 13:52:57.448 febs [http-nio-8099-exec-1] INFO  p6spy - 2020-08-24 13:52:57 | 耗时 2 ms | SQL 语句：
SELECT m.* FROM t_menu m WHERE m.type <> 1 AND m.MENU_ID IN (SELECT DISTINCT rm.menu_id FROM t_role_menu rm LEFT JOIN t_role r ON (rm.role_id = r.role_id) LEFT JOIN t_user_role ur ON (ur.role_id = r.role_id) LEFT JOIN t_user u ON (u.user_id = ur.user_id) WHERE u.username = 'admin') ORDER BY m.order_num;
2020-08-24 13:52:57.575 febs [http-nio-8099-exec-7] INFO  p6spy - 2020-08-24 13:52:57 | 耗时 1 ms | SQL 语句：
SELECT COUNT(1) FROM a_myequipment WHERE (eq_dept_category = 1);
2020-08-24 13:52:57.579 febs [http-nio-8099-exec-7] INFO  p6spy - 2020-08-24 13:52:57 | 耗时 1 ms | SQL 语句：
SELECT id, eq_name, eq_code, eq_dept_id, eq_dept_name, eq_dept_category, eq_type, eq_ledger, eq_pm_two, eq_pm_ten, eq_co, eq_so2, sq_no2, sq_o3, eq_noise, wind_direction, wind_speed, eq_address, eq_add_time, eq_supplier, eq_overhaul, state, creator, create_date, modifier, mod_date FROM a_myequipment WHERE (eq_dept_category = 1) ORDER BY id ASC LIMIT 0,10;
2020-08-24 13:52:57.586 febs [http-nio-8099-exec-7] INFO  p6spy - 2020-08-24 13:52:57 | 耗时 0 ms | SQL 语句：
SELECT COUNT(1) FROM a_myequipment WHERE (eq_dept_category = 1);
2020-08-24 13:52:57.589 febs [http-nio-8099-exec-7] INFO  p6spy - 2020-08-24 13:52:57 | 耗时 1 ms | SQL 语句：
SELECT id, eq_name, eq_code, eq_dept_id, eq_dept_name, eq_dept_category, eq_type, eq_ledger, eq_pm_two, eq_pm_ten, eq_co, eq_so2, sq_no2, sq_o3, eq_noise, wind_direction, wind_speed, eq_address, eq_add_time, eq_supplier, eq_overhaul, state, creator, create_date, modifier, mod_date FROM a_myequipment WHERE (eq_dept_category = 1) ORDER BY id ASC LIMIT 0,10;
2020-08-24 13:53:08.256 febs [http-nio-8099-exec-7] INFO  p6spy - 2020-08-24 13:53:08 | 耗时 2 ms | SQL 语句：
SELECT m.* FROM t_menu m WHERE m.type <> 1 AND m.MENU_ID IN (SELECT DISTINCT rm.menu_id FROM t_role_menu rm LEFT JOIN t_role r ON (rm.role_id = r.role_id) LEFT JOIN t_user_role ur ON (ur.role_id = r.role_id) LEFT JOIN t_user u ON (u.user_id = ur.user_id) WHERE u.username = 'admin') ORDER BY m.order_num;
2020-08-24 13:53:08.343 febs [http-nio-8099-exec-9] INFO  p6spy - 2020-08-24 13:53:08 | 耗时 0 ms | SQL 语句：
SELECT COUNT(1) FROM a_myequipment WHERE (eq_dept_category = 1);
2020-08-24 13:53:08.346 febs [http-nio-8099-exec-9] INFO  p6spy - 2020-08-24 13:53:08 | 耗时 1 ms | SQL 语句：
SELECT id, eq_name, eq_code, eq_dept_id, eq_dept_name, eq_dept_category, eq_type, eq_ledger, eq_pm_two, eq_pm_ten, eq_co, eq_so2, sq_no2, sq_o3, eq_noise, wind_direction, wind_speed, eq_address, eq_add_time, eq_supplier, eq_overhaul, state, creator, create_date, modifier, mod_date FROM a_myequipment WHERE (eq_dept_category = 1) ORDER BY id ASC LIMIT 0,10;
2020-08-24 13:53:08.351 febs [http-nio-8099-exec-9] INFO  p6spy - 2020-08-24 13:53:08 | 耗时 0 ms | SQL 语句：
SELECT COUNT(1) FROM a_myequipment WHERE (eq_dept_category = 1);
2020-08-24 13:53:08.354 febs [http-nio-8099-exec-9] INFO  p6spy - 2020-08-24 13:53:08 | 耗时 1 ms | SQL 语句：
SELECT id, eq_name, eq_code, eq_dept_id, eq_dept_name, eq_dept_category, eq_type, eq_ledger, eq_pm_two, eq_pm_ten, eq_co, eq_so2, sq_no2, sq_o3, eq_noise, wind_direction, wind_speed, eq_address, eq_add_time, eq_supplier, eq_overhaul, state, creator, create_date, modifier, mod_date FROM a_myequipment WHERE (eq_dept_category = 1) ORDER BY id ASC LIMIT 0,10;
2020-08-24 14:18:46.065 febs [scheduling-1] INFO  p6spy - 2020-08-24 14:18:46 | 耗时 2 ms | SQL 语句：
SELECT id, eq_name, eq_code, eq_dept_id, eq_dept_name, eq_dept_category, eq_type, eq_ledger, eq_pm_two, eq_pm_ten, eq_co, eq_so2, sq_no2, sq_o3, eq_noise, wind_direction, wind_speed, eq_address, eq_add_time, eq_supplier, eq_overhaul, state, creator, create_date, modifier, mod_date FROM a_myequipment;
2020-08-24 14:18:46.066 febs [scheduling-1] INFO  c.c.m.myUser.Scheduled.MyUserTask - >>>>>>>>>>>>>>>>>>设备超时<<<<<<<<<<<<<<<<<<<<<<<<
2020-08-24 14:23:44.847 febs [Catalina-utility-1] INFO  c.c.c.a.s.SessionDestroyedEventListener - 失效session:8909A66E8B6DF8F3DBE231FADC39E7F9
2020-08-24 14:24:24.855 febs [http-nio-8099-exec-6] INFO  c.c.c.a.s.HttpSessionCreatedEventListener - 新建session:1B19B4A35DE1516D10075E3F359433E0
2020-08-24 14:27:32.550 febs [Thread-27] INFO  org.quartz.core.QuartzScheduler - Scheduler quartzScheduler_$_NON_CLUSTERED paused.
2020-08-24 14:27:32.550 febs [Thread-27] INFO  o.s.s.c.ThreadPoolTaskScheduler - Shutting down ExecutorService 'taskScheduler'
2020-08-24 14:27:32.562 febs [Thread-27] INFO  o.s.s.c.ThreadPoolTaskExecutor - Shutting down ExecutorService 'apsAsyncThreadPool'
2020-08-24 14:27:32.566 febs [Thread-27] INFO  o.s.s.quartz.SchedulerFactoryBean - Shutting down Quartz Scheduler
2020-08-24 14:27:32.566 febs [Thread-27] INFO  org.quartz.core.QuartzScheduler - Scheduler quartzScheduler_$_NON_CLUSTERED shutting down.
2020-08-24 14:27:32.566 febs [Thread-27] INFO  org.quartz.core.QuartzScheduler - Scheduler quartzScheduler_$_NON_CLUSTERED paused.
2020-08-24 14:27:32.567 febs [Thread-27] INFO  org.quartz.core.QuartzScheduler - Scheduler quartzScheduler_$_NON_CLUSTERED shutdown complete.
2020-08-24 14:27:32.571 febs [Thread-27] INFO  c.b.d.d.DynamicRoutingDataSource - closing dynamicDatasource  ing....
2020-08-24 14:27:32.571 febs [Thread-27] INFO  com.zaxxer.hikari.HikariDataSource - base - Shutdown initiated...
2020-08-24 14:27:32.576 febs [Thread-27] INFO  com.zaxxer.hikari.HikariDataSource - base - Shutdown completed.
2020-08-24 14:27:43.830 febs [main] INFO  com.cx.AppApplication - Starting AppApplication on LAPTOP-R0RM3FEG with PID 18024 (F:\ideaWorkSpace\my-private\target\classes started by zyh in F:\ideaWorkSpace\my-private)
2020-08-24 14:27:43.834 febs [main] INFO  com.cx.AppApplication - The following profiles are active: pro
2020-08-24 14:27:46.324 febs [main] INFO  o.s.d.r.c.RepositoryConfigurationDelegate - Multiple Spring Data modules found, entering strict repository configuration mode!
2020-08-24 14:27:46.329 febs [main] INFO  o.s.d.r.c.RepositoryConfigurationDelegate - Bootstrapping Spring Data repositories in DEFAULT mode.
2020-08-24 14:27:46.452 febs [main] INFO  o.s.d.r.c.RepositoryConfigurationDelegate - Finished Spring Data repository scanning in 91ms. Found 0 repository interfaces.
2020-08-24 14:27:47.502 febs [main] INFO  o.s.c.s.PostProcessorRegistrationDelegate$BeanPostProcessorChecker - Bean 'spring.datasource.dynamic-com.baomidou.dynamic.datasource.spring.boot.autoconfigure.DynamicDataSourceProperties' of type [com.baomidou.dynamic.datasource.spring.boot.autoconfigure.DynamicDataSourceProperties] is not eligible for getting processed by all BeanPostProcessors (for example: not eligible for auto-proxying)
2020-08-24 14:27:47.740 febs [main] INFO  o.s.c.s.PostProcessorRegistrationDelegate$BeanPostProcessorChecker - Bean 'com.baomidou.dynamic.datasource.spring.boot.autoconfigure.DynamicDataSourceAutoConfiguration' of type [com.baomidou.dynamic.datasource.spring.boot.autoconfigure.DynamicDataSourceAutoConfiguration$$EnhancerBySpringCGLIB$$53c19785] is not eligible for getting processed by all BeanPostProcessors (for example: not eligible for auto-proxying)
2020-08-24 14:27:47.752 febs [main] INFO  o.s.c.s.PostProcessorRegistrationDelegate$BeanPostProcessorChecker - Bean 'dsProcessor' of type [com.baomidou.dynamic.datasource.processor.DsHeaderProcessor] is not eligible for getting processed by all BeanPostProcessors (for example: not eligible for auto-proxying)
2020-08-24 14:27:47.758 febs [main] INFO  o.s.c.s.PostProcessorRegistrationDelegate$BeanPostProcessorChecker - Bean 'dynamicDatasourceAnnotationAdvisor' of type [com.baomidou.dynamic.datasource.aop.DynamicDataSourceAnnotationAdvisor] is not eligible for getting processed by all BeanPostProcessors (for example: not eligible for auto-proxying)
2020-08-24 14:27:47.772 febs [main] INFO  o.s.c.s.PostProcessorRegistrationDelegate$BeanPostProcessorChecker - Bean 'org.springframework.transaction.annotation.ProxyTransactionManagementConfiguration' of type [org.springframework.transaction.annotation.ProxyTransactionManagementConfiguration$$EnhancerBySpringCGLIB$$ea3326b4] is not eligible for getting processed by all BeanPostProcessors (for example: not eligible for auto-proxying)
2020-08-24 14:27:47.807 febs [main] INFO  o.s.c.s.PostProcessorRegistrationDelegate$BeanPostProcessorChecker - Bean 'redisConfigure' of type [com.cx.common.configure.RedisConfigure$$EnhancerBySpringCGLIB$$ce2b9de3] is not eligible for getting processed by all BeanPostProcessors (for example: not eligible for auto-proxying)
2020-08-24 14:27:47.861 febs [main] INFO  o.s.c.s.PostProcessorRegistrationDelegate$BeanPostProcessorChecker - Bean 'org.springframework.security.config.annotation.configuration.ObjectPostProcessorConfiguration' of type [org.springframework.security.config.annotation.configuration.ObjectPostProcessorConfiguration$$EnhancerBySpringCGLIB$$82e0eeee] is not eligible for getting processed by all BeanPostProcessors (for example: not eligible for auto-proxying)
2020-08-24 14:27:47.869 febs [main] INFO  o.s.c.s.PostProcessorRegistrationDelegate$BeanPostProcessorChecker - Bean 'objectPostProcessor' of type [org.springframework.security.config.annotation.configuration.AutowireBeanFactoryObjectPostProcessor] is not eligible for getting processed by all BeanPostProcessors (for example: not eligible for auto-proxying)
2020-08-24 14:27:47.872 febs [main] INFO  o.s.c.s.PostProcessorRegistrationDelegate$BeanPostProcessorChecker - Bean 'org.springframework.security.access.expression.method.DefaultMethodSecurityExpressionHandler@5238896f' of type [org.springframework.security.access.expression.method.DefaultMethodSecurityExpressionHandler] is not eligible for getting processed by all BeanPostProcessors (for example: not eligible for auto-proxying)
2020-08-24 14:27:47.876 febs [main] INFO  o.s.c.s.PostProcessorRegistrationDelegate$BeanPostProcessorChecker - Bean 'org.springframework.security.config.annotation.method.configuration.GlobalMethodSecurityConfiguration' of type [org.springframework.security.config.annotation.method.configuration.GlobalMethodSecurityConfiguration$$EnhancerBySpringCGLIB$$a7b591a0] is not eligible for getting processed by all BeanPostProcessors (for example: not eligible for auto-proxying)
2020-08-24 14:27:47.885 febs [main] INFO  o.s.c.s.PostProcessorRegistrationDelegate$BeanPostProcessorChecker - Bean 'methodSecurityMetadataSource' of type [org.springframework.security.access.method.DelegatingMethodSecurityMetadataSource] is not eligible for getting processed by all BeanPostProcessors (for example: not eligible for auto-proxying)
2020-08-24 14:27:48.337 febs [main] INFO  o.s.b.w.e.tomcat.TomcatWebServer - Tomcat initialized with port(s): 8099 (http)
2020-08-24 14:27:48.353 febs [main] INFO  o.a.coyote.http11.Http11NioProtocol - Initializing ProtocolHandler ["http-nio-8099"]
2020-08-24 14:27:48.362 febs [main] INFO  o.a.catalina.core.StandardService - Starting service [Tomcat]
2020-08-24 14:27:48.363 febs [main] INFO  o.a.catalina.core.StandardEngine - Starting Servlet engine: [Apache Tomcat/9.0.16]
2020-08-24 14:27:48.371 febs [main] INFO  o.a.c.core.AprLifecycleListener - The APR based Apache Tomcat Native library which allows optimal performance in production environments was not found on the java.library.path: [D:\JDK\bin;C:\Windows\Sun\Java\bin;C:\Windows\system32;C:\Windows;C:\Windows\system32;C:\Windows;C:\Windows\System32\Wbem;C:\Windows\System32\WindowsPowerShell\v1.0\;C:\Windows\System32\OpenSSH\;D:\JDK\bin;D:\Program Files\Git\cmd;D:\mysql-8.0.20-winx64\bin;D:\Program Files\nodejs\;D:\mysql-8.0.20-winx64\bin;D:\apache-maven-3.6.3-bin\apache-maven-3.6.3\bin;D:\Readis\Redis-x64-3.2.100;D:\Program Files\nodejs\node_global;D:\Go\bin;D:\python-3.8.5;F:\GoWorkSpace;F:\GoWorkSpace\bin;C:\Users\zyh\AppData\Local\Microsoft\WindowsApps;;D:\Program Files\JetBrains\IntelliJ IDEA 2019.3\bin;;C:\Users\zyh\AppData\Roaming\npm;D:\Program Files\JetBrains\GoLand 2020.2.2\bin;;D:\Program Files\JetBrains\PyCharm 2020.2\bin;;C:\Users\zyh\go\bin;.]
2020-08-24 14:27:48.717 febs [main] INFO  o.a.c.c.C.[Tomcat].[localhost].[/] - Initializing Spring embedded WebApplicationContext
2020-08-24 14:27:48.718 febs [main] INFO  o.s.web.context.ContextLoader - Root WebApplicationContext: initialization completed in 4814 ms
2020-08-24 14:27:49.166 febs [main] INFO  c.b.d.d.DynamicRoutingDataSource - 动态数据源-检测到并开启了p6spy
2020-08-24 14:27:49.177 febs [main] INFO  com.zaxxer.hikari.HikariDataSource - base - Starting...
2020-08-24 14:27:49.804 febs [main] INFO  com.zaxxer.hikari.HikariDataSource - base - Start completed.
2020-08-24 14:27:49.804 febs [main] INFO  c.b.d.d.DynamicRoutingDataSource - 初始共加载 1 个数据源
2020-08-24 14:27:49.805 febs [main] INFO  c.b.d.d.DynamicRoutingDataSource - 动态数据源-加载 base 成功
2020-08-24 14:27:49.805 febs [main] INFO  c.b.d.d.DynamicRoutingDataSource - 当前的默认数据源是单数据源，数据源名为 base
2020-08-24 14:27:50.418 febs [main] INFO  com.cx.common.xss.XssFilter - ------------ xss filter init ------------
2020-08-24 14:27:52.369 febs [main] INFO  org.quartz.impl.StdSchedulerFactory - Using default implementation for ThreadExecutor
2020-08-24 14:27:52.385 febs [main] INFO  o.quartz.core.SchedulerSignalerImpl - Initialized Scheduler Signaller of type: class org.quartz.core.SchedulerSignalerImpl
2020-08-24 14:27:52.385 febs [main] INFO  org.quartz.core.QuartzScheduler - Quartz Scheduler v.2.3.0 created.
2020-08-24 14:27:52.386 febs [main] INFO  org.quartz.simpl.RAMJobStore - RAMJobStore initialized.
2020-08-24 14:27:52.387 febs [main] INFO  org.quartz.core.QuartzScheduler - Scheduler meta-data: Quartz Scheduler (v2.3.0) 'quartzScheduler' with instanceId 'NON_CLUSTERED'
  Scheduler class: 'org.quartz.core.QuartzScheduler' - running locally.
  NOT STARTED.
  Currently in standby mode.
  Number of jobs executed: 0
  Using thread pool 'org.quartz.simpl.SimpleThreadPool' - with 10 threads.
  Using job-store 'org.quartz.simpl.RAMJobStore' - which does not support persistence. and is not clustered.

2020-08-24 14:27:52.388 febs [main] INFO  org.quartz.impl.StdSchedulerFactory - Quartz scheduler 'quartzScheduler' initialized from an externally provided properties instance.
2020-08-24 14:27:52.388 febs [main] INFO  org.quartz.impl.StdSchedulerFactory - Quartz scheduler version: 2.3.0
2020-08-24 14:27:52.388 febs [main] INFO  org.quartz.core.QuartzScheduler - JobFactory set to: org.springframework.scheduling.quartz.SpringBeanJobFactory@16745abd
2020-08-24 14:27:53.537 febs [main] INFO  o.s.b.a.e.web.EndpointLinksResolver - Exposing 2 endpoint(s) beneath base path '/actuator'
2020-08-24 14:27:54.131 febs [main] INFO  o.s.s.web.DefaultSecurityFilterChain - Creating filter chain: Ant [pattern='/test/**'], []
2020-08-24 14:27:54.132 febs [main] INFO  o.s.s.web.DefaultSecurityFilterChain - Creating filter chain: Ant [pattern='/common/**'], []
2020-08-24 14:27:54.132 febs [main] INFO  o.s.s.web.DefaultSecurityFilterChain - Creating filter chain: Ant [pattern='/app/**'], []
2020-08-24 14:27:54.132 febs [main] INFO  o.s.s.web.DefaultSecurityFilterChain - Creating filter chain: Ant [pattern='/**/*.js'], []
2020-08-24 14:27:54.132 febs [main] INFO  o.s.s.web.DefaultSecurityFilterChain - Creating filter chain: Ant [pattern='/**/*.css'], []
2020-08-24 14:27:54.132 febs [main] INFO  o.s.s.web.DefaultSecurityFilterChain - Creating filter chain: Ant [pattern='/**/font/**'], []
2020-08-24 14:27:54.132 febs [main] INFO  o.s.s.web.DefaultSecurityFilterChain - Creating filter chain: Ant [pattern='/**/images/**'], []
2020-08-24 14:27:54.132 febs [main] INFO  o.s.s.web.DefaultSecurityFilterChain - Creating filter chain: Ant [pattern='/**/img/**'], []
2020-08-24 14:27:54.132 febs [main] INFO  o.s.s.web.DefaultSecurityFilterChain - Creating filter chain: Ant [pattern='/**/lay/**'], []
2020-08-24 14:27:54.132 febs [main] INFO  o.s.s.web.DefaultSecurityFilterChain - Creating filter chain: Ant [pattern='/layui/**'], []
2020-08-24 14:27:54.132 febs [main] INFO  o.s.s.web.DefaultSecurityFilterChain - Creating filter chain: Ant [pattern='/json/**'], []
2020-08-24 14:27:54.132 febs [main] INFO  o.s.s.web.DefaultSecurityFilterChain - Creating filter chain: Ant [pattern='/api/**'], []
2020-08-24 14:27:54.132 febs [main] INFO  o.s.s.web.DefaultSecurityFilterChain - Creating filter chain: Ant [pattern='/app/**'], []
2020-08-24 14:27:54.132 febs [main] INFO  o.s.s.web.DefaultSecurityFilterChain - Creating filter chain: Ant [pattern='/swagger-ui.html'], []
2020-08-24 14:27:54.132 febs [main] INFO  o.s.s.web.DefaultSecurityFilterChain - Creating filter chain: Ant [pattern='/swagger/**'], []
2020-08-24 14:27:54.132 febs [main] INFO  o.s.s.web.DefaultSecurityFilterChain - Creating filter chain: Ant [pattern='/swagger-resources/**'], []
2020-08-24 14:27:54.132 febs [main] INFO  o.s.s.web.DefaultSecurityFilterChain - Creating filter chain: Ant [pattern='/webjars/**'], []
2020-08-24 14:27:54.132 febs [main] INFO  o.s.s.web.DefaultSecurityFilterChain - Creating filter chain: Ant [pattern='/v2/api-docs'], []
2020-08-24 14:27:54.132 febs [main] INFO  o.s.s.web.DefaultSecurityFilterChain - Creating filter chain: Ant [pattern='/views/403'], []
2020-08-24 14:27:54.132 febs [main] INFO  o.s.s.web.DefaultSecurityFilterChain - Creating filter chain: Ant [pattern='/views/401'], []
2020-08-24 14:27:54.132 febs [main] INFO  o.s.s.web.DefaultSecurityFilterChain - Creating filter chain: Ant [pattern='/views/404'], []
2020-08-24 14:27:54.232 febs [main] INFO  o.s.s.web.DefaultSecurityFilterChain - Creating filter chain: any request, [org.springframework.security.web.context.request.async.WebAsyncManagerIntegrationFilter@3e265811, org.springframework.security.web.context.SecurityContextPersistenceFilter@13e6c544, org.springframework.security.web.header.HeaderWriterFilter@206e5183, org.springframework.security.web.authentication.logout.LogoutFilter@2305aad0, org.springframework.security.web.authentication.UsernamePasswordAuthenticationFilter@31daf094, org.springframework.security.web.session.ConcurrentSessionFilter@215f8d7, org.springframework.security.web.savedrequest.RequestCacheAwareFilter@6c68f29c, org.springframework.security.web.servletapi.SecurityContextHolderAwareRequestFilter@6ac0fd1d, org.springframework.security.web.authentication.rememberme.RememberMeAuthenticationFilter@74267ece, org.springframework.security.web.authentication.AnonymousAuthenticationFilter@55a07f97, org.springframework.security.web.session.SessionManagementFilter@325236f5, org.springframework.security.web.access.ExceptionTranslationFilter@7ca7bddd, org.springframework.security.web.access.intercept.FilterSecurityInterceptor@62c1259f]
2020-08-24 14:27:54.312 febs [main] INFO  s.d.s.w.PropertySourcedRequestMappingHandlerMapping - Mapped URL path [/v2/api-docs] onto method [public org.springframework.http.ResponseEntity<springfox.documentation.spring.web.json.Json> springfox.documentation.swagger2.web.Swagger2Controller.getDocumentation(java.lang.String,javax.servlet.http.HttpServletRequest)]
2020-08-24 14:27:54.342 febs [main] INFO  o.s.s.c.ThreadPoolTaskExecutor - Initializing ExecutorService
2020-08-24 14:27:54.344 febs [main] INFO  o.s.s.c.ThreadPoolTaskExecutor - Initializing ExecutorService 'apsAsyncThreadPool'
2020-08-24 14:27:54.934 febs [main] INFO  o.s.b.a.w.s.WelcomePageHandlerMapping - Adding welcome page template: index
2020-08-24 14:27:55.815 febs [main] INFO  o.s.s.c.ThreadPoolTaskScheduler - Initializing ExecutorService 'taskScheduler'
2020-08-24 14:27:56.060 febs [main] INFO  s.d.s.w.p.DocumentationPluginsBootstrapper - Context refreshed
2020-08-24 14:27:56.096 febs [main] INFO  s.d.s.w.p.DocumentationPluginsBootstrapper - Found 1 custom documentation plugin(s)
2020-08-24 14:27:56.370 febs [main] INFO  s.d.s.w.s.ApiListingReferenceScanner - Scanning for api listing references
2020-08-24 14:27:56.474 febs [main] INFO  o.s.s.quartz.SchedulerFactoryBean - Starting Quartz Scheduler now
2020-08-24 14:27:56.474 febs [main] INFO  org.quartz.core.QuartzScheduler - Scheduler quartzScheduler_$_NON_CLUSTERED started.
2020-08-24 14:27:56.524 febs [main] INFO  o.a.coyote.http11.Http11NioProtocol - Starting ProtocolHandler ["http-nio-8099"]
2020-08-24 14:27:56.581 febs [main] INFO  o.s.b.w.e.tomcat.TomcatWebServer - Tomcat started on port(s): 8099 (http) with context path ''
2020-08-24 14:27:56.587 febs [main] INFO  com.cx.AppApplication - Started AppApplication in 13.603 seconds (JVM running for 15.311)
2020-08-24 14:27:56.644 febs [main] INFO  com.cx.common.runner.StartedUpRunner -  __    ___   _      ___   _     ____ _____  ____ 
2020-08-24 14:27:56.644 febs [main] INFO  com.cx.common.runner.StartedUpRunner - / /`  / / \ | |\/| | |_) | |   | |_   | |  | |_  
2020-08-24 14:27:56.644 febs [main] INFO  com.cx.common.runner.StartedUpRunner - \_\_, \_\_/ |_|  | |_|   |_|__ |_|__  |_|  |_|__ 
2020-08-24 14:27:56.644 febs [main] INFO  com.cx.common.runner.StartedUpRunner -                                                       
2020-08-24 14:27:56.645 febs [main] INFO  com.cx.common.runner.StartedUpRunner - 环境监测平台启动完毕，地址：http://192.168.43.46:8099/login
2020-08-24 14:27:56.958 febs [RMI TCP Connection(5)-192.168.43.46] INFO  o.a.c.c.C.[Tomcat].[localhost].[/] - Initializing Spring DispatcherServlet 'dispatcherServlet'
2020-08-24 14:27:56.958 febs [RMI TCP Connection(5)-192.168.43.46] INFO  o.s.web.servlet.DispatcherServlet - Initializing Servlet 'dispatcherServlet'
2020-08-24 14:27:56.977 febs [RMI TCP Connection(5)-192.168.43.46] INFO  o.s.web.servlet.DispatcherServlet - Completed initialization in 19 ms
2020-08-24 14:27:57.005 febs [RMI TCP Connection(6)-192.168.43.46] INFO  p6spy - 2020-08-24 14:27:57 | 耗时 8 ms | SQL 语句：
select 1;
